<?xml version="1.0" encoding="UTF-8"?>
<!-- Generated by org.testng.reporters.JUnitReportReporter -->
<testsuite hostname="Himanshu" failures="0" tests="1" name="Execution.Runnerclass" time="42.757" errors="0" timestamp="2025-10-27T20:32:20 IST" skipped="0">
  <testcase classname="Execution.Runnerclass" name="runScenario" time="42.757"/>
  <system-out/>
</testsuite> <!-- Execution.Runnerclass -->
